<?xml version="1.0" encoding="UTF-8"?>
<!-- Generated by org.testng.reporters.JUnitReportReporter -->
<testsuite hostname="A2ML19512" name="com.devops.devopsproject.devopsProject.AppTest" tests="1" failures="0" timestamp="26 Nov 2018 13:58:19 GMT" time="0.008" errors="0">
  <testcase name="shouldAnswerWithTrue" time="0.008" classname="com.devops.devopsproject.devopsProject.AppTest"/>
</testsuite> <!-- com.devops.devopsproject.devopsProject.AppTest -->
